<?xml version="1.0" encoding="UTF-8"?>
<testng-results ignored="0" total="1" passed="0" failed="1" skipped="0">
  <reporter-output>
  </reporter-output>
  <suite started-at="2025-04-03T22:18:14 IST" name="Selenium Test Suite" finished-at="2025-04-03T22:18:18 IST" duration-ms="4373">
    <groups>
    </groups>
    <test started-at="2025-04-03T22:18:14 IST" name="Selenium Automation Test" finished-at="2025-04-03T22:18:18 IST" duration-ms="4373">
      <class name="com.selenium.automation.tests.TestClass">
        <test-method is-config="true" signature="setupReport()[pri:0, instance:com.selenium.automation.tests.TestClass@64485a47]" started-at="2025-04-03T22:18:14 IST" name="setupReport" finished-at="2025-04-03T22:18:14 IST" duration-ms="420" status="PASS">
          <reporter-output>
          </reporter-output>
        </test-method> <!-- setupReport -->
        <test-method is-config="true" signature="setup()[pri:0, instance:com.selenium.automation.tests.TestClass@64485a47]" started-at="2025-04-03T22:18:16 IST" name="setup" finished-at="2025-04-03T22:18:18 IST" duration-ms="2248" status="PASS">
          <reporter-output>
          </reporter-output>
        </test-method> <!-- setup -->
        <test-method signature="SampleTestCaseFirst(java.util.Map)[pri:1, instance:com.selenium.automation.tests.TestClass@64485a47]" started-at="2025-04-03T22:18:18 IST" name="SampleTestCaseFirst" data-provider="getData" finished-at="2025-04-03T22:18:18 IST" duration-ms="297" status="FAIL">
          <params>
            <param index="0">
              <value>
                <![CDATA[{TestCaseName=SampleTestCaseFirst}]]>
              </value>
            </param>
          </params>
          <exception class="java.lang.NullPointerException">
            <message>
              <![CDATA[Cannot invoke "com.aventstack.extentreports.ExtentTest.addScreenCaptureFromPath(String)" because "test" is null]]>
            </message>
            <full-stacktrace>
              <![CDATA[java.lang.NullPointerException: Cannot invoke "com.aventstack.extentreports.ExtentTest.addScreenCaptureFromPath(String)" because "test" is null
at com.selenium.automation.utils.ScreenshotUtil.showScreenshot(ScreenshotUtil.java:28)
at com.selenium.automation.pages.CreateAccountPage.validateHome(CreateAccountPage.java:81)
at com.selenium.automation.tests.TestClass.SampleTestCaseFirst(TestClass.java:29)
at java.base/jdk.internal.reflect.NativeMethodAccessorImpl.invoke0(Native Method)
at java.base/jdk.internal.reflect.NativeMethodAccessorImpl.invoke(NativeMethodAccessorImpl.java:77)
at java.base/jdk.internal.reflect.DelegatingMethodAccessorImpl.invoke(DelegatingMethodAccessorImpl.java:43)
at java.base/java.lang.reflect.Method.invoke(Method.java:568)
at org.testng.internal.MethodInvocationHelper.invokeMethod(MethodInvocationHelper.java:132)
at org.testng.internal.TestInvoker.invokeMethod(TestInvoker.java:599)
at org.testng.internal.TestInvoker.invokeTestMethod(TestInvoker.java:174)
at org.testng.internal.MethodRunner.runInSequence(MethodRunner.java:46)
at org.testng.internal.TestInvoker$MethodInvocationAgent.invoke(TestInvoker.java:822)
at org.testng.internal.TestInvoker.invokeTestMethods(TestInvoker.java:147)
at org.testng.internal.TestMethodWorker.invokeTestMethods(TestMethodWorker.java:146)
at org.testng.internal.TestMethodWorker.run(TestMethodWorker.java:128)
at java.base/java.util.ArrayList.forEach(ArrayList.java:1511)
at org.testng.TestRunner.privateRun(TestRunner.java:764)
at org.testng.TestRunner.run(TestRunner.java:585)
at org.testng.SuiteRunner.runTest(SuiteRunner.java:384)
at org.testng.SuiteRunner.runSequentially(SuiteRunner.java:378)
at org.testng.SuiteRunner.privateRun(SuiteRunner.java:337)
at org.testng.SuiteRunner.run(SuiteRunner.java:286)
at org.testng.SuiteRunnerWorker.runSuite(SuiteRunnerWorker.java:53)
at org.testng.SuiteRunnerWorker.run(SuiteRunnerWorker.java:96)
at org.testng.TestNG.runSuitesSequentially(TestNG.java:1218)
at org.testng.TestNG.runSuitesLocally(TestNG.java:1140)
at org.testng.TestNG.runSuites(TestNG.java:1069)
at org.testng.TestNG.run(TestNG.java:1037)
at com.selenium.automation.App.main(App.java:15)
]]>
            </full-stacktrace>
          </exception> <!-- java.lang.NullPointerException -->
          <reporter-output>
          </reporter-output>
        </test-method> <!-- SampleTestCaseFirst -->
        <test-method is-config="true" signature="tearDown()[pri:0, instance:com.selenium.automation.tests.TestClass@64485a47]" started-at="2025-04-03T22:18:18 IST" name="tearDown" finished-at="2025-04-03T22:18:18 IST" duration-ms="265" status="PASS">
          <reporter-output>
          </reporter-output>
        </test-method> <!-- tearDown -->
        <test-method is-config="true" signature="tearDownReport()[pri:0, instance:com.selenium.automation.tests.TestClass@64485a47]" started-at="2025-04-03T22:18:18 IST" name="tearDownReport" finished-at="2025-04-03T22:18:19 IST" duration-ms="296" status="PASS">
          <reporter-output>
          </reporter-output>
        </test-method> <!-- tearDownReport -->
      </class> <!-- com.selenium.automation.tests.TestClass -->
    </test> <!-- Selenium Automation Test -->
  </suite> <!-- Selenium Test Suite -->
</testng-results>
