<?xml version="1.0" encoding="UTF-8"?>
<!-- Generated by org.testng.reporters.JUnitXMLReporter -->
<testsuite ignored="0" hostname="DESKTOP-V939PNC" failures="1" tests="1" name="Selenium Automation Test" time="4.373" errors="0" timestamp="2025-04-03T22:18:18 IST">
  <testcase classname="com.selenium.automation.tests.TestClass" name="SampleTestCaseFirst" time="0.297">
    <failure type="java.lang.NullPointerException" message="Cannot invoke &amp;quot;com.aventstack.extentreports.ExtentTest.addScreenCaptureFromPath(String)&amp;quot; because &amp;quot;test&amp;quot; is null">
      <![CDATA[java.lang.NullPointerException: Cannot invoke "com.aventstack.extentreports.ExtentTest.addScreenCaptureFromPath(String)" because "test" is null
at com.selenium.automation.utils.ScreenshotUtil.showScreenshot(ScreenshotUtil.java:28)
at com.selenium.automation.pages.CreateAccountPage.validateHome(CreateAccountPage.java:81)
at com.selenium.automation.tests.TestClass.SampleTestCaseFirst(TestClass.java:29)
at java.base/java.util.ArrayList.forEach(ArrayList.java:1511)
at com.selenium.automation.App.main(App.java:15)
... Removed 24 stack frames]]>
    </failure>
  </testcase> <!-- SampleTestCaseFirst -->
</testsuite> <!-- Selenium Automation Test -->
